<?xml version="1.0" encoding="UTF-8"?>
<testng-results ignored="0" total="1" passed="1" failed="0" skipped="0">
  <reporter-output>
  </reporter-output>
  <suite started-at="2022-03-15T20:37:36 ADT" name="Default suite" finished-at="2022-03-15T20:37:42 ADT" duration-ms="6801">
    <groups>
    </groups>
    <test started-at="2022-03-15T20:37:36 ADT" name="Default test" finished-at="2022-03-15T20:37:42 ADT" duration-ms="6801">
      <class name="test.ACTesting">
        <test-method is-config="true" signature="SetupTestDriver()[pri:0, instance:test.ACTesting@79e2c065]" started-at="2022-03-15T20:37:36 ADT" name="SetupTestDriver" finished-at="2022-03-15T20:37:37 ADT" duration-ms="1208" status="PASS">
          <reporter-output>
          </reporter-output>
        </test-method> <!-- SetupTestDriver -->
        <test-method signature="ACTest()[pri:0, instance:test.ACTesting@79e2c065]" started-at="2022-03-15T20:37:37 ADT" name="ACTest" finished-at="2022-03-15T20:37:42 ADT" duration-ms="5290" status="PASS">
          <reporter-output>
          </reporter-output>
        </test-method> <!-- ACTest -->
        <test-method is-config="true" signature="EndTest()[pri:0, instance:test.ACTesting@79e2c065]" started-at="2022-03-15T20:37:42 ADT" name="EndTest" finished-at="2022-03-15T20:37:42 ADT" duration-ms="282" status="PASS">
          <reporter-output>
          </reporter-output>
        </test-method> <!-- EndTest -->
      </class> <!-- test.ACTesting -->
    </test> <!-- Default test -->
  </suite> <!-- Default suite -->
</testng-results>
