<?xml version="1.0" encoding="UTF-8"?>
<testng-results ignored="0" total="1" passed="0" failed="1" skipped="0">
  <reporter-output>
  </reporter-output>
  <suite started-at="2022-03-16T14:29:43 ADT" name="Default suite" finished-at="2022-03-16T14:29:51 ADT" duration-ms="8206">
    <groups>
    </groups>
    <test started-at="2022-03-16T14:29:43 ADT" name="Default test" finished-at="2022-03-16T14:29:51 ADT" duration-ms="8206">
      <class name="test.ACTesting">
        <test-method is-config="true" signature="SetupTestDriver()[pri:0, instance:test.ACTesting@12468a38]" started-at="2022-03-16T14:29:43 ADT" name="SetupTestDriver" finished-at="2022-03-16T14:29:44 ADT" duration-ms="1216" status="PASS">
          <reporter-output>
          </reporter-output>
        </test-method> <!-- SetupTestDriver -->
        <test-method signature="ACTest()[pri:0, instance:test.ACTesting@12468a38]" started-at="2022-03-16T14:29:44 ADT" name="ACTest" finished-at="2022-03-16T14:29:47 ADT" duration-ms="2756" status="FAIL">
          <exception class="org.openqa.selenium.ElementClickInterceptedException">
            <message>
              <![CDATA[element click intercepted: Element <button class="abc-button abc-button-height-default abc-button-theme-custom abc-button-type-default abc-dir-ltr user-select-none ng-star-inserted" id="bkmg-tab-button-flight" type="button" aria-disabled="false" aria-selected="true" aria-controls="bkmg-tab-content-flight" role="tab" data-analytics-track="home magnet" data-analytics-val="tab>flight" tabindex="0">...</button> is not clickable at point (430, 576). Other element would receive the click: <div class="abc-dialog-overlay abc-dialog-transparent-overlay abc-overlay-aligned-to-parent ng-star-inserted"></div>
  (Session info: chrome=99.0.4844.74)
Build info: version: '4.1.2', revision: '9a5a329c5a'
System info: host: 'DESKTOP-65T02BH', ip: '192.168.2.58', os.name: 'Windows 10', os.arch: 'amd64', os.version: '10.0', java.version: '17.0.2'
Driver info: org.openqa.selenium.chrome.ChromeDriver
Command: [be7756b03dcc0a3c14d62001fb78e76b, clickElement {id=365f4f07-860f-4083-97db-afd5239de3fa}]
Capabilities {acceptInsecureCerts: false, browserName: chrome, browserVersion: 99.0.4844.74, chrome: {chromedriverVersion: 99.0.4844.51 (d537ec02474b5..., userDataDir: C:\Users\Benjamin\AppData\L...}, goog:chromeOptions: {debuggerAddress: localhost:64144}, javascriptEnabled: true, networkConnectionEnabled: false, pageLoadStrategy: normal, platform: WINDOWS, platformName: WINDOWS, proxy: Proxy(), se:cdp: ws://localhost:64144/devtoo..., se:cdpVersion: 99.0.4844.74, setWindowRect: true, strictFileInteractability: false, timeouts: {implicit: 0, pageLoad: 300000, script: 30000}, unhandledPromptBehavior: dismiss and notify, webauthn:extension:credBlob: true, webauthn:extension:largeBlob: true, webauthn:virtualAuthenticators: true}
Element: [[ChromeDriver: chrome on WINDOWS (be7756b03dcc0a3c14d62001fb78e76b)] -> id: bkmg-tab-button-flight]
Session ID: be7756b03dcc0a3c14d62001fb78e76b]]>
            </message>
            <full-stacktrace>
              <![CDATA[org.openqa.selenium.ElementClickInterceptedException: element click intercepted: Element <button class="abc-button abc-button-height-default abc-button-theme-custom abc-button-type-default abc-dir-ltr user-select-none ng-star-inserted" id="bkmg-tab-button-flight" type="button" aria-disabled="false" aria-selected="true" aria-controls="bkmg-tab-content-flight" role="tab" data-analytics-track="home magnet" data-analytics-val="tab>flight" tabindex="0">...</button> is not clickable at point (430, 576). Other element would receive the click: <div class="abc-dialog-overlay abc-dialog-transparent-overlay abc-overlay-aligned-to-parent ng-star-inserted"></div>
  (Session info: chrome=99.0.4844.74)
Build info: version: '4.1.2', revision: '9a5a329c5a'
System info: host: 'DESKTOP-65T02BH', ip: '192.168.2.58', os.name: 'Windows 10', os.arch: 'amd64', os.version: '10.0', java.version: '17.0.2'
Driver info: org.openqa.selenium.chrome.ChromeDriver
Command: [be7756b03dcc0a3c14d62001fb78e76b, clickElement {id=365f4f07-860f-4083-97db-afd5239de3fa}]
Capabilities {acceptInsecureCerts: false, browserName: chrome, browserVersion: 99.0.4844.74, chrome: {chromedriverVersion: 99.0.4844.51 (d537ec02474b5..., userDataDir: C:\Users\Benjamin\AppData\L...}, goog:chromeOptions: {debuggerAddress: localhost:64144}, javascriptEnabled: true, networkConnectionEnabled: false, pageLoadStrategy: normal, platform: WINDOWS, platformName: WINDOWS, proxy: Proxy(), se:cdp: ws://localhost:64144/devtoo..., se:cdpVersion: 99.0.4844.74, setWindowRect: true, strictFileInteractability: false, timeouts: {implicit: 0, pageLoad: 300000, script: 30000}, unhandledPromptBehavior: dismiss and notify, webauthn:extension:credBlob: true, webauthn:extension:largeBlob: true, webauthn:virtualAuthenticators: true}
Element: [[ChromeDriver: chrome on WINDOWS (be7756b03dcc0a3c14d62001fb78e76b)] -> id: bkmg-tab-button-flight]
Session ID: be7756b03dcc0a3c14d62001fb78e76b
at java.base/jdk.internal.reflect.NativeConstructorAccessorImpl.newInstance0(Native Method)
at java.base/jdk.internal.reflect.NativeConstructorAccessorImpl.newInstance(NativeConstructorAccessorImpl.java:77)
at java.base/jdk.internal.reflect.DelegatingConstructorAccessorImpl.newInstance(DelegatingConstructorAccessorImpl.java:45)
at java.base/java.lang.reflect.Constructor.newInstanceWithCaller(Constructor.java:499)
at java.base/java.lang.reflect.Constructor.newInstance(Constructor.java:480)
at org.openqa.selenium.remote.codec.w3c.W3CHttpResponseCodec.createException(W3CHttpResponseCodec.java:200)
at org.openqa.selenium.remote.codec.w3c.W3CHttpResponseCodec.decode(W3CHttpResponseCodec.java:133)
at org.openqa.selenium.remote.codec.w3c.W3CHttpResponseCodec.decode(W3CHttpResponseCodec.java:53)
at org.openqa.selenium.remote.HttpCommandExecutor.execute(HttpCommandExecutor.java:184)
at org.openqa.selenium.remote.service.DriverCommandExecutor.invokeExecute(DriverCommandExecutor.java:167)
at org.openqa.selenium.remote.service.DriverCommandExecutor.execute(DriverCommandExecutor.java:142)
at org.openqa.selenium.remote.RemoteWebDriver.execute(RemoteWebDriver.java:558)
at org.openqa.selenium.remote.RemoteWebElement.execute(RemoteWebElement.java:251)
at org.openqa.selenium.remote.RemoteWebElement.click(RemoteWebElement.java:77)
at pages.ACMainPage.ClickFlightsTab(ACMainPage.java:97)
at test.ACTesting.ACTest(ACTesting.java:72)
at java.base/jdk.internal.reflect.NativeMethodAccessorImpl.invoke0(Native Method)
at java.base/jdk.internal.reflect.NativeMethodAccessorImpl.invoke(NativeMethodAccessorImpl.java:77)
at java.base/jdk.internal.reflect.DelegatingMethodAccessorImpl.invoke(DelegatingMethodAccessorImpl.java:43)
at java.base/java.lang.reflect.Method.invoke(Method.java:568)
at org.testng.internal.invokers.MethodInvocationHelper.invokeMethod(MethodInvocationHelper.java:135)
at org.testng.internal.invokers.TestInvoker.invokeMethod(TestInvoker.java:673)
at org.testng.internal.invokers.TestInvoker.invokeTestMethod(TestInvoker.java:220)
at org.testng.internal.invokers.MethodRunner.runInSequence(MethodRunner.java:50)
at org.testng.internal.invokers.TestInvoker$MethodInvocationAgent.invoke(TestInvoker.java:945)
at org.testng.internal.invokers.TestInvoker.invokeTestMethods(TestInvoker.java:193)
at org.testng.internal.invokers.TestMethodWorker.invokeTestMethods(TestMethodWorker.java:146)
at org.testng.internal.invokers.TestMethodWorker.run(TestMethodWorker.java:128)
at java.base/java.util.ArrayList.forEach(ArrayList.java:1511)
at org.testng.TestRunner.privateRun(TestRunner.java:808)
at org.testng.TestRunner.run(TestRunner.java:603)
at org.testng.SuiteRunner.runTest(SuiteRunner.java:429)
at org.testng.SuiteRunner.runSequentially(SuiteRunner.java:423)
at org.testng.SuiteRunner.privateRun(SuiteRunner.java:383)
at org.testng.SuiteRunner.run(SuiteRunner.java:326)
at org.testng.SuiteRunnerWorker.runSuite(SuiteRunnerWorker.java:52)
at org.testng.SuiteRunnerWorker.run(SuiteRunnerWorker.java:95)
at org.testng.TestNG.runSuitesSequentially(TestNG.java:1249)
at org.testng.TestNG.runSuitesLocally(TestNG.java:1169)
at org.testng.TestNG.runSuites(TestNG.java:1092)
at org.testng.TestNG.run(TestNG.java:1060)
at org.testng.remote.AbstractRemoteTestNG.run(AbstractRemoteTestNG.java:115)
at org.testng.remote.RemoteTestNG.initAndRun(RemoteTestNG.java:251)
at org.testng.remote.RemoteTestNG.main(RemoteTestNG.java:77)
]]>
            </full-stacktrace>
          </exception> <!-- org.openqa.selenium.ElementClickInterceptedException -->
          <reporter-output>
          </reporter-output>
        </test-method> <!-- ACTest -->
        <test-method is-config="true" signature="EndTest()[pri:0, instance:test.ACTesting@12468a38]" started-at="2022-03-16T14:29:47 ADT" name="EndTest" finished-at="2022-03-16T14:29:51 ADT" duration-ms="4213" status="PASS">
          <reporter-output>
          </reporter-output>
        </test-method> <!-- EndTest -->
      </class> <!-- test.ACTesting -->
    </test> <!-- Default test -->
  </suite> <!-- Default suite -->
</testng-results>
